<?xml version="1.0" encoding="UTF-8"?>
<testsuite name="invoiceservice.InvoiceServiceTest" tests="1" skipped="0" failures="0" errors="0" timestamp="2020-08-30T21:05:58" hostname="LAPTOP-2I7PNUC9" time="0.561">
  <properties/>
  <testcase name="givenDistanceAndTime_ShouldReturnTotalFare" classname="invoiceservice.InvoiceServiceTest" time="0.561"/>
  <system-out><![CDATA[]]></system-out>
  <system-err><![CDATA[]]></system-err>
</testsuite>
